<?xml version="1.0" encoding="UTF-8"?>
<testsuite name="TransformTest" tests="6" skipped="0" failures="0" errors="0" timestamp="2017-11-30T20:38:17" hostname="LAPTOP-PB68TGGM" time="0.048">
  <properties/>
  <testcase name="testColorShift" classname="TransformTest" time="0.017"/>
  <testcase name="testGreenScreen" classname="TransformTest" time="0.011"/>
  <testcase name="testMystery" classname="TransformTest" time="0.003"/>
  <testcase name="testPositionShifts" classname="TransformTest" time="0.006"/>
  <testcase name="testRotateAndFlip" classname="TransformTest" time="0.003"/>
  <testcase name="testShrinkOrExpand" classname="TransformTest" time="0.004"/>
  <system-out><![CDATA[]]></system-out>
  <system-err><![CDATA[]]></system-err>
</testsuite>
